<?xml version="1.0" encoding="UTF-8"?>
<testng-results ignored="0" total="1" passed="1" failed="0" skipped="0">
  <reporter-output>
  </reporter-output>
  <suite started-at="2023-03-10T17:28:12 IST" name="Default suite" finished-at="2023-03-10T17:28:12 IST" duration-ms="103">
    <groups>
    </groups>
    <test started-at="2023-03-10T17:28:12 IST" name="Default test" finished-at="2023-03-10T17:28:12 IST" duration-ms="103">
      <class name="d.Source">
        <test-method signature="main()[pri:0, instance:d.Source@6eda5c9]" started-at="2023-03-10T17:28:12 IST" name="main" finished-at="2023-03-10T17:28:12 IST" duration-ms="32" status="PASS">
          <reporter-output>
          </reporter-output>
        </test-method> <!-- main -->
      </class> <!-- d.Source -->
    </test> <!-- Default test -->
  </suite> <!-- Default suite -->
</testng-results>
